<?xml version="1.0" encoding="UTF-8"?>
<!-- Generated by org.testng.reporters.JUnitReportReporter -->
<testsuite hostname="MANIGUJJAR" failures="0" tests="4" name="Appiumbasic.Appiumclass" time="14.211" errors="0" timestamp="2021-01-13T10:23:12 PKT" skipped="0">
  <testcase classname="Appiumbasic.Appiumclass" name="Addition" time="3.634"/>
  <system-out/>
  <testcase classname="Appiumbasic.Appiumclass" name="minus" time="3.576"/>
  <system-out/>
  <testcase classname="Appiumbasic.Appiumclass" name="multiply" time="3.505"/>
  <system-out/>
  <testcase classname="Appiumbasic.Appiumclass" name="division" time="3.496"/>
  <system-out/>
</testsuite> <!-- Appiumbasic.Appiumclass -->
