<?xml version="1.0" encoding="UTF-8"?>
<!-- Generated by org.testng.reporters.JUnitReportReporter -->
<testsuite hostname="MANIGUJJAR" failures="0" tests="1" name="tests.song.SongTests" time="4.032" errors="0" timestamp="2021-01-15T10:09:32 PKT" skipped="0">
  <testcase classname="tests.song.SongTests" name="songVerification" time="4.032"/>
  <system-out/>
</testsuite> <!-- tests.song.SongTests -->
