<?xml version="1.0" encoding="UTF-8"?>
<!-- Generated by org.testng.reporters.JUnitReportReporter -->
<testsuite hostname="HiccupDaDrgn" failures="0" tests="1" name="tests.PlusTestCases" time="12.695" errors="0" timestamp="2021-01-13T09:43:13 PKT" skipped="0">
  <testcase classname="tests.PlusTestCases" name="basicCalculation" time="12.695"/>
  <system-out/>
</testsuite> <!-- tests.PlusTestCases -->
