<?xml version="1.0" encoding="UTF-8"?>
<!-- Generated by org.testng.reporters.JUnitReportReporter -->
<testsuite hostname="HiccupDaDrgn" failures="0" tests="1" name="tests.BaseClass" time="13.372" errors="0" timestamp="2021-01-12T18:53:24 PKT" skipped="0">
  <testcase classname="tests.BaseClass" name="basicCalculation" time="13.372"/>
  <system-out/>
</testsuite> <!-- tests.BaseClass -->
