<?xml version="1.0" encoding="UTF-8"?>
<!-- Generated by org.testng.reporters.JUnitReportReporter -->
<testsuite hostname="HiccupDaDrgn" failures="0" tests="1" name="stepDefinations.TestRunner" time="0.111" errors="0" timestamp="2021-01-14T12:14:57 PKT" skipped="0">
  <testcase classname="stepDefinations.TestRunner" name="runScenario" time="0.111"/>
  <system-out/>
</testsuite> <!-- stepDefinations.TestRunner -->
