<?xml version="1.0" encoding="UTF-8"?>
<!-- Generated by org.testng.reporters.JUnitReportReporter -->
<testsuite hostname="HiccupDaDrgn" failures="0" tests="1" name="tests.calculator.PlusTestCases" time="13.724" errors="0" timestamp="2021-01-14T11:35:14 PKT" skipped="0">
  <testcase classname="tests.calculator.PlusTestCases" name="basicCalculation" time="13.724"/>
  <system-out/>
</testsuite> <!-- tests.calculator.PlusTestCases -->
